<?xml version="1.0" encoding="UTF-8"?>
<testsuite name="tests.RequiredFieldPracticeFormNegativeTest" tests="1" skipped="0" failures="0" errors="0" timestamp="2024-12-15T20:48:34" hostname="DESKTOP-9S7F8F1" time="3.747">
  <properties/>
  <testcase name="fillFormTest()" classname="tests.RequiredFieldPracticeFormNegativeTest" time="3.747"/>
  <system-out><![CDATA[]]></system-out>
  <system-err><![CDATA[[Test worker] INFO com.codeborne.selenide.WebDriverThreadLocalContainer - No webdriver is bound to current thread: 1 - let's create a new webdriver
[Test worker] INFO com.codeborne.selenide.impl.FileHelper - Creating folder: C:\Users\Alisa\IdeaProjects\HW7\build\downloads\1734295714994_6936_1
дек. 15, 2024 11:48:36 PM org.openqa.selenium.devtools.CdpVersionFinder findNearestMatch
WARNING: Unable to find an exact match for CDP version 131, returning the closest version; found: 129; Please update to a Selenium version that supports CDP version 131
[Test worker] INFO com.codeborne.selenide.webdriver.WebDriverFactory - BrowserName=chrome Version=131.0.6778.140 Platform=windows
[Test worker] INFO com.codeborne.selenide.webdriver.WebDriverFactory - Selenide v. 7.5.1
[Test worker] INFO com.codeborne.selenide.webdriver.WebDriverFactory - Selenium WebDriver v. 4.25.0 build revision: 8a8aea2337
[Test worker] INFO com.codeborne.selenide.drivercommands.CreateDriverCommand - Created webdriver in thread 1: ChromeDriver -> ChromeDriver: chrome on windows (8f87ef1cab9116fc15e683b7ed2a207c), downloadsFolder: C:\Users\Alisa\IdeaProjects\HW7\build\downloads\1734295714994_6936_1
[Test worker] INFO com.codeborne.selenide.drivercommands.DisposablesRegistry - Register WebDriverInstance[config=com.codeborne.selenide.ThreadLocalSelenideConfig@5a06904, webDriver=ChromeDriver: chrome on windows (8f87ef1cab9116fc15e683b7ed2a207c), proxy=null, downloadsFolder=C:\Users\Alisa\IdeaProjects\HW7\build\downloads\1734295714994_6936_1] in 1 [size=1]
[Test worker] INFO com.codeborne.selenide.drivercommands.DisposablesRegistry - Add shutdown hook in 1 [size=1]
[Test worker] INFO com.codeborne.selenide.impl.FileHelper - Deleted empty folder: C:\Users\Alisa\IdeaProjects\HW7\build\downloads\1734295714994_6936_1
[Test worker] INFO com.codeborne.selenide.drivercommands.CloseDriverCommand - Close webdriver: 1 -> ChromeDriver: chrome on windows (8f87ef1cab9116fc15e683b7ed2a207c)...
[Test worker] INFO com.codeborne.selenide.drivercommands.CloseDriverCommand - Closed webdriver 1 in 152 ms
[Test worker] INFO com.codeborne.selenide.drivercommands.DisposablesRegistry - Unregister WebDriverInstance[config=com.codeborne.selenide.ThreadLocalSelenideConfig@5a06904, webDriver=ChromeDriver: chrome on windows (null), proxy=null, downloadsFolder=C:\Users\Alisa\IdeaProjects\HW7\build\downloads\1734295714994_6936_1] in 1 [size=0]
]]></system-err>
</testsuite>
